<?xml version="1.0" encoding="UTF-8"?>
<!-- Generated by org.testng.reporters.JUnitReportReporter -->
<testsuite skipped="0" hostname="PunitRanjan2105" name="com.homePractice.PrintWorldTest" tests="1" failures="0" timestamp="2022-05-07T12:31:22 IST" time="0.015" errors="0">
  <testcase name="m1" time="0.015" classname="com.homePractice.PrintWorldTest"/>
  <system-out/>
</testsuite> <!-- com.homePractice.PrintWorldTest -->
